<?xml version="1.0" encoding="UTF-8"?>
<!-- Generated by org.testng.reporters.JUnitXMLReporter -->
<testsuite hostname="BNGO-W7" name="Test" tests="5" failures="0" timestamp="19 Feb 2015 05:54:10 GMT" time="8.436" errors="0">
  <testcase name="f" time="3.588" classname="TestNGOnePackage.ClassOne"/>
  <testcase name="f" time="0.645" classname="TestNGOnePackage.ClassOne"/>
  <testcase name="test2" time="0.001" classname="TestNGTwoPackage.ClassTwo"/>
  <testcase name="test3" time="0.002" classname="TestNGTwoPackage.ClassTwo"/>
  <testcase name="addNewRecord" time="2.546" classname="TestNGTwoPackage.ClassTwo"/>
</testsuite> <!-- Test -->
